<?xml version="1.0" encoding="UTF-8"?>
<!-- Generated by org.testng.reporters.JUnitReportReporter -->
<testsuite hostname="QB-IPL-2298" failures="0" tests="1" name="website.demo1.TitleVerify" time="0.130" errors="0" timestamp="2022-08-23T18:44:38 IST" skipped="0">
  <testcase classname="website.demo1.TitleVerify" name="check" time="0.130"/>
  <system-out/>
</testsuite> <!-- website.demo1.TitleVerify -->
